# JRE version: OpenJDK Runtime Environment (21.0.7) (build 21.0.7+-13880790-b1038.58)
# Java VM: OpenJDK 64-Bit Server VM (21.0.7+-13880790-b1038.58, mixed mode, tiered, compressed oops, compressed class ptrs, g1 gc, windows-amd64)
GC Precious Log:
 CardTable entry size: 512
 Card Set container configuration: InlinePtr #cards 5 size 8 Array Of Cards #cards 12 size 40 Howl #buckets 4 coarsen threshold 1843 Howl Bitmap #cards 512 size 80 coarsen threshold 460 Card regions per heap region 1 cards per card region 2048
 CPUs: 4 total, 4 available
 Memory: 11721M
 Large Page Support: Disabled
 NUMA Support: Disabled
 Compressed Oops: Enabled (32-bit)
 Heap Region Size: 1M
 Heap Min Capacity: 8M
 Heap Initial Capacity: 184M
 Heap Max Capacity: 2G
 Pre-touch: Disabled
 Parallel Workers: 4
 Concurrent Workers: 1
 Concurrent Refinement Workers: 4
 Periodic GC: Disabled
Heap:
 garbage-first heap   total 393216K, used 269799K [0x0000000080000000, 0x0000000100000000)
  region size 1024K, 67 young (68608K), 10 survivors (10240K)
 Metaspace       used 135067K, committed 137408K, reserved 1179648K
  class space    used 18545K, committed 19712K, reserved 1048576K
GC Heap History (20 events):
Event: 38.337 GC heap before
{Heap before GC invocations=53 (full 0):
 garbage-first heap   total 245760K, used 132290K [0x0000000080000000, 0x0000000100000000)
  region size 1024K, 15 young (15360K), 8 survivors (8192K)
 Metaspace       used 119266K, committed 121472K, reserved 1179648K
  class space    used 16513K, committed 17600K, reserved 1048576K
}
Event: 38.348 GC heap after
{Heap after GC invocations=54 (full 0):
 garbage-first heap   total 245760K, used 126195K [0x0000000080000000, 0x0000000100000000)
  region size 1024K, 6 young (6144K), 6 survivors (6144K)
 Metaspace       used 119266K, committed 121472K, reserved 1179648K
  class space    used 16513K, committed 17600K, reserved 1048576K
}
Event: 41.328 GC heap before
{Heap before GC invocations=55 (full 0):
 garbage-first heap   total 245760K, used 243955K [0x0000000080000000, 0x0000000100000000)
  region size 1024K, 94 young (96256K), 6 survivors (6144K)
 Metaspace       used 122923K, committed 125184K, reserved 1179648K
  class space    used 16883K, committed 17984K, reserved 1048576K
}
Event: 41.341 GC heap after
{Heap after GC invocations=56 (full 0):
 garbage-first heap   total 252928K, used 127208K [0x0000000080000000, 0x0000000100000000)
  region size 1024K, 7 young (7168K), 7 survivors (7168K)
 Metaspace       used 122923K, committed 125184K, reserved 1179648K
  class space    used 16883K, committed 17984K, reserved 1048576K
}
Event: 42.960 GC heap before
{Heap before GC invocations=56 (full 0):
 garbage-first heap   total 252928K, used 227560K [0x0000000080000000, 0x0000000100000000)
  region size 1024K, 106 young (108544K), 7 survivors (7168K)
 Metaspace       used 124395K, committed 126720K, reserved 1179648K
  class space    used 17052K, committed 18240K, reserved 1048576K
}
Event: 42.984 GC heap after
{Heap after GC invocations=57 (full 0):
 garbage-first heap   total 252928K, used 130932K [0x0000000080000000, 0x0000000100000000)
  region size 1024K, 12 young (12288K), 12 survivors (12288K)
 Metaspace       used 124395K, committed 126720K, reserved 1179648K
  class space    used 17052K, committed 18240K, reserved 1048576K
}
Event: 44.016 GC heap before
{Heap before GC invocations=57 (full 0):
 garbage-first heap   total 252928K, used 225140K [0x0000000080000000, 0x0000000100000000)
  region size 1024K, 105 young (107520K), 12 survivors (12288K)
 Metaspace       used 125881K, committed 128256K, reserved 1179648K
  class space    used 17256K, committed 18432K, reserved 1048576K
}
Event: 44.039 GC heap after
{Heap after GC invocations=58 (full 0):
 garbage-first heap   total 252928K, used 141447K [0x0000000080000000, 0x0000000100000000)
  region size 1024K, 14 young (14336K), 14 survivors (14336K)
 Metaspace       used 125881K, committed 128256K, reserved 1179648K
  class space    used 17256K, committed 18432K, reserved 1048576K
}
Event: 45.240 GC heap before
{Heap before GC invocations=59 (full 0):
 garbage-first heap   total 252928K, used 223367K [0x0000000080000000, 0x0000000100000000)
  region size 1024K, 95 young (97280K), 14 survivors (14336K)
 Metaspace       used 129876K, committed 132160K, reserved 1179648K
  class space    used 17823K, committed 18944K, reserved 1048576K
}
Event: 45.261 GC heap after
{Heap after GC invocations=60 (full 0):
 garbage-first heap   total 252928K, used 153575K [0x0000000080000000, 0x0000000100000000)
  region size 1024K, 12 young (12288K), 12 survivors (12288K)
 Metaspace       used 129876K, committed 132160K, reserved 1179648K
  class space    used 17823K, committed 18944K, reserved 1048576K
}
Event: 45.896 GC heap before
{Heap before GC invocations=60 (full 0):
 garbage-first heap   total 252928K, used 226279K [0x0000000080000000, 0x0000000100000000)
  region size 1024K, 84 young (86016K), 12 survivors (12288K)
 Metaspace       used 131125K, committed 133440K, reserved 1179648K
  class space    used 17997K, committed 19136K, reserved 1048576K
}
Event: 45.933 GC heap after
{Heap after GC invocations=61 (full 0):
 garbage-first heap   total 256000K, used 166887K [0x0000000080000000, 0x0000000100000000)
  region size 1024K, 11 young (11264K), 11 survivors (11264K)
 Metaspace       used 131125K, committed 133440K, reserved 1179648K
  class space    used 17997K, committed 19136K, reserved 1048576K
}
Event: 46.501 GC heap before
{Heap before GC invocations=61 (full 0):
 garbage-first heap   total 256000K, used 231399K [0x0000000080000000, 0x0000000100000000)
  region size 1024K, 74 young (75776K), 11 survivors (11264K)
 Metaspace       used 132511K, committed 134848K, reserved 1179648K
  class space    used 18213K, committed 19392K, reserved 1048576K
}
Event: 46.537 GC heap after
{Heap after GC invocations=62 (full 0):
 garbage-first heap   total 256000K, used 178151K [0x0000000080000000, 0x0000000100000000)
  region size 1024K, 10 young (10240K), 10 survivors (10240K)
 Metaspace       used 132511K, committed 134848K, reserved 1179648K
  class space    used 18213K, committed 19392K, reserved 1048576K
}
Event: 47.019 GC heap before
{Heap before GC invocations=62 (full 0):
 garbage-first heap   total 296960K, used 229351K [0x0000000080000000, 0x0000000100000000)
  region size 1024K, 61 young (62464K), 10 survivors (10240K)
 Metaspace       used 133318K, committed 135616K, reserved 1179648K
  class space    used 18313K, committed 19456K, reserved 1048576K
}
Event: 47.058 GC heap after
{Heap after GC invocations=63 (full 0):
 garbage-first heap   total 296960K, used 187879K [0x0000000080000000, 0x0000000100000000)
  region size 1024K, 8 young (8192K), 8 survivors (8192K)
 Metaspace       used 133318K, committed 135616K, reserved 1179648K
  class space    used 18313K, committed 19456K, reserved 1048576K
}
Event: 47.688 GC heap before
{Heap before GC invocations=64 (full 0):
 garbage-first heap   total 296960K, used 264679K [0x0000000080000000, 0x0000000100000000)
  region size 1024K, 83 young (84992K), 8 survivors (8192K)
 Metaspace       used 134947K, committed 137280K, reserved 1179648K
  class space    used 18536K, committed 19712K, reserved 1048576K
}
Event: 47.721 GC heap after
{Heap after GC invocations=65 (full 0):
 garbage-first heap   total 296960K, used 200679K [0x0000000080000000, 0x0000000100000000)
  region size 1024K, 11 young (11264K), 11 survivors (11264K)
 Metaspace       used 134947K, committed 137280K, reserved 1179648K
  class space    used 18536K, committed 19712K, reserved 1048576K
}
Event: 48.013 GC heap before
{Heap before GC invocations=65 (full 0):
 garbage-first heap   total 296960K, used 267239K [0x0000000080000000, 0x0000000100000000)
  region size 1024K, 77 young (78848K), 11 survivors (11264K)
 Metaspace       used 134962K, committed 137280K, reserved 1179648K
  class space    used 18536K, committed 19712K, reserved 1048576K
}
Event: 48.053 GC heap after
{Heap after GC invocations=66 (full 0):
 garbage-first heap   total 393216K, used 212455K [0x0000000080000000, 0x0000000100000000)
  region size 1024K, 10 young (10240K), 10 survivors (10240K)
 Metaspace       used 134962K, committed 137280K, reserved 1179648K
  class space    used 18536K, committed 19712K, reserved 1048576K
}

