# JRE version: OpenJDK Runtime Environment (21.0.7) (build 21.0.7+-13880790-b1038.58)
# Java VM: OpenJDK 64-Bit Server VM (21.0.7+-13880790-b1038.58, mixed mode, tiered, compressed oops, compressed class ptrs, g1 gc, windows-amd64)
GC Precious Log:
 CardTable entry size: 512
 Card Set container configuration: InlinePtr #cards 5 size 8 Array Of Cards #cards 12 size 40 Howl #buckets 4 coarsen threshold 1843 Howl Bitmap #cards 512 size 80 coarsen threshold 460 Card regions per heap region 1 cards per card region 2048
 CPUs: 4 total, 4 available
 Memory: 11721M
 Large Page Support: Disabled
 NUMA Support: Disabled
 Compressed Oops: Enabled (32-bit)
 Heap Region Size: 1M
 Heap Min Capacity: 8M
 Heap Initial Capacity: 184M
 Heap Max Capacity: 2G
 Pre-touch: Disabled
 Parallel Workers: 4
 Concurrent Workers: 1
 Concurrent Refinement Workers: 4
 Periodic GC: Disabled
Heap:
 garbage-first heap   total 425984K, used 309248K [0x0000000080000000, 0x0000000100000000)
  region size 1024K, 7 young (7168K), 7 survivors (7168K)
 Metaspace       used 141584K, committed 143936K, reserved 1179648K
  class space    used 19545K, committed 20736K, reserved 1048576K
GC Heap History (20 events):
Event: 47.886 GC heap after
{Heap after GC invocations=73 (full 0):
 garbage-first heap   total 410624K, used 177211K [0x0000000080000000, 0x0000000100000000)
  region size 1024K, 7 young (7168K), 7 survivors (7168K)
 Metaspace       used 139541K, committed 141888K, reserved 1179648K
  class space    used 19306K, committed 20480K, reserved 1048576K
}
Event: 48.658 GC heap before
{Heap before GC invocations=73 (full 0):
 garbage-first heap   total 410624K, used 380987K [0x0000000080000000, 0x0000000100000000)
  region size 1024K, 206 young (210944K), 7 survivors (7168K)
 Metaspace       used 139597K, committed 141952K, reserved 1179648K
  class space    used 19314K, committed 20480K, reserved 1048576K
}
Event: 48.670 GC heap after
{Heap after GC invocations=74 (full 0):
 garbage-first heap   total 410624K, used 177022K [0x0000000080000000, 0x0000000100000000)
  region size 1024K, 7 young (7168K), 7 survivors (7168K)
 Metaspace       used 139597K, committed 141952K, reserved 1179648K
  class space    used 19314K, committed 20480K, reserved 1048576K
}
Event: 49.955 GC heap before
{Heap before GC invocations=75 (full 0):
 garbage-first heap   total 410624K, used 381822K [0x0000000080000000, 0x0000000100000000)
  region size 1024K, 206 young (210944K), 7 survivors (7168K)
 Metaspace       used 139786K, committed 142144K, reserved 1179648K
  class space    used 19324K, committed 20544K, reserved 1048576K
}
Event: 49.966 GC heap after
{Heap after GC invocations=76 (full 0):
 garbage-first heap   total 410624K, used 175497K [0x0000000080000000, 0x0000000100000000)
  region size 1024K, 6 young (6144K), 6 survivors (6144K)
 Metaspace       used 139786K, committed 142144K, reserved 1179648K
  class space    used 19324K, committed 20544K, reserved 1048576K
}
Event: 51.288 GC heap before
{Heap before GC invocations=76 (full 0):
 garbage-first heap   total 410624K, used 382345K [0x0000000080000000, 0x0000000100000000)
  region size 1024K, 207 young (211968K), 6 survivors (6144K)
 Metaspace       used 140479K, committed 142848K, reserved 1179648K
  class space    used 19427K, committed 20608K, reserved 1048576K
}
Event: 51.301 GC heap after
{Heap after GC invocations=77 (full 0):
 garbage-first heap   total 410624K, used 178453K [0x0000000080000000, 0x0000000100000000)
  region size 1024K, 9 young (9216K), 9 survivors (9216K)
 Metaspace       used 140479K, committed 142848K, reserved 1179648K
  class space    used 19427K, committed 20608K, reserved 1048576K
}
Event: 52.201 GC heap before
{Heap before GC invocations=77 (full 0):
 garbage-first heap   total 410624K, used 379157K [0x0000000080000000, 0x0000000100000000)
  region size 1024K, 205 young (209920K), 9 survivors (9216K)
 Metaspace       used 140545K, committed 142912K, reserved 1179648K
  class space    used 19428K, committed 20608K, reserved 1048576K
}
Event: 52.232 GC heap after
{Heap after GC invocations=78 (full 0):
 garbage-first heap   total 410624K, used 192138K [0x0000000080000000, 0x0000000100000000)
  region size 1024K, 25 young (25600K), 25 survivors (25600K)
 Metaspace       used 140545K, committed 142912K, reserved 1179648K
  class space    used 19428K, committed 20608K, reserved 1048576K
}
Event: 52.977 GC heap before
{Heap before GC invocations=78 (full 0):
 garbage-first heap   total 410624K, used 362122K [0x0000000080000000, 0x0000000100000000)
  region size 1024K, 192 young (196608K), 25 survivors (25600K)
 Metaspace       used 141169K, committed 143488K, reserved 1179648K
  class space    used 19504K, committed 20672K, reserved 1048576K
}
Event: 53.042 GC heap after
{Heap after GC invocations=79 (full 0):
 garbage-first heap   total 421888K, used 224606K [0x0000000080000000, 0x0000000100000000)
  region size 1024K, 24 young (24576K), 24 survivors (24576K)
 Metaspace       used 141169K, committed 143488K, reserved 1179648K
  class space    used 19504K, committed 20672K, reserved 1048576K
}
Event: 53.835 GC heap before
{Heap before GC invocations=79 (full 0):
 garbage-first heap   total 421888K, used 374110K [0x0000000080000000, 0x0000000100000000)
  region size 1024K, 170 young (174080K), 24 survivors (24576K)
 Metaspace       used 141452K, committed 143808K, reserved 1179648K
  class space    used 19526K, committed 20736K, reserved 1048576K
}
Event: 53.908 GC heap after
{Heap after GC invocations=80 (full 0):
 garbage-first heap   total 424960K, used 250368K [0x0000000080000000, 0x0000000100000000)
  region size 1024K, 22 young (22528K), 22 survivors (22528K)
 Metaspace       used 141452K, committed 143808K, reserved 1179648K
  class space    used 19526K, committed 20736K, reserved 1048576K
}
Event: 54.452 GC heap before
{Heap before GC invocations=81 (full 0):
 garbage-first heap   total 424960K, used 377344K [0x0000000080000000, 0x0000000100000000)
  region size 1024K, 147 young (150528K), 22 survivors (22528K)
 Metaspace       used 141553K, committed 143936K, reserved 1179648K
  class space    used 19545K, committed 20736K, reserved 1048576K
}
Event: 54.533 GC heap after
{Heap after GC invocations=82 (full 0):
 garbage-first heap   total 424960K, used 272896K [0x0000000080000000, 0x0000000100000000)
  region size 1024K, 19 young (19456K), 19 survivors (19456K)
 Metaspace       used 141553K, committed 143936K, reserved 1179648K
  class space    used 19545K, committed 20736K, reserved 1048576K
}
Event: 54.897 GC heap before
{Heap before GC invocations=82 (full 0):
 garbage-first heap   total 424960K, used 381440K [0x0000000080000000, 0x0000000100000000)
  region size 1024K, 125 young (128000K), 19 survivors (19456K)
 Metaspace       used 141562K, committed 143936K, reserved 1179648K
  class space    used 19545K, committed 20736K, reserved 1048576K
}
Event: 54.964 GC heap after
{Heap after GC invocations=83 (full 0):
 garbage-first heap   total 425984K, used 291328K [0x0000000080000000, 0x0000000100000000)
  region size 1024K, 16 young (16384K), 16 survivors (16384K)
 Metaspace       used 141562K, committed 143936K, reserved 1179648K
  class space    used 19545K, committed 20736K, reserved 1048576K
}
Event: 55.333 GC heap before
{Heap before GC invocations=83 (full 0):
 garbage-first heap   total 425984K, used 384512K [0x0000000080000000, 0x0000000100000000)
  region size 1024K, 107 young (109568K), 16 survivors (16384K)
 Metaspace       used 141574K, committed 143936K, reserved 1179648K
  class space    used 19545K, committed 20736K, reserved 1048576K
}
Event: 55.371 GC heap after
{Heap after GC invocations=84 (full 0):
 garbage-first heap   total 425984K, used 302592K [0x0000000080000000, 0x0000000100000000)
  region size 1024K, 11 young (11264K), 11 survivors (11264K)
 Metaspace       used 141574K, committed 143936K, reserved 1179648K
  class space    used 19545K, committed 20736K, reserved 1048576K
}
Event: 55.867 GC heap before
{Heap before GC invocations=84 (full 0):
 garbage-first heap   total 425984K, used 390656K [0x0000000080000000, 0x0000000100000000)
  region size 1024K, 97 young (99328K), 11 survivors (11264K)
 Metaspace       used 141584K, committed 143936K, reserved 1179648K
  class space    used 19545K, committed 20736K, reserved 1048576K
}

