# JRE version: OpenJDK Runtime Environment (21.0.7) (build 21.0.7+-13880790-b1038.58)
# Java VM: OpenJDK 64-Bit Server VM (21.0.7+-13880790-b1038.58, mixed mode, tiered, compressed oops, compressed class ptrs, g1 gc, windows-amd64)
GC Precious Log:
 CardTable entry size: 512
 Card Set container configuration: InlinePtr #cards 5 size 8 Array Of Cards #cards 12 size 40 Howl #buckets 4 coarsen threshold 1843 Howl Bitmap #cards 512 size 80 coarsen threshold 460 Card regions per heap region 1 cards per card region 2048
 CPUs: 4 total, 4 available
 Memory: 11721M
 Large Page Support: Disabled
 NUMA Support: Disabled
 Compressed Oops: Enabled (32-bit)
 Heap Region Size: 1M
 Heap Min Capacity: 8M
 Heap Initial Capacity: 184M
 Heap Max Capacity: 2G
 Pre-touch: Disabled
 Parallel Workers: 4
 Concurrent Workers: 1
 Concurrent Refinement Workers: 4
 Periodic GC: Disabled
Heap:
 garbage-first heap   total 325632K, used 189834K [0x0000000080000000, 0x0000000100000000)
  region size 1024K, 7 young (7168K), 7 survivors (7168K)
 Metaspace       used 151182K, committed 153600K, reserved 1245184K
  class space    used 20314K, committed 21504K, reserved 1048576K
GC Heap History (20 events):
Event: 104.047 GC heap after
{Heap after GC invocations=89 (full 0):
 garbage-first heap   total 325632K, used 178156K [0x0000000080000000, 0x0000000100000000)
  region size 1024K, 18 young (18432K), 18 survivors (18432K)
 Metaspace       used 142635K, committed 144960K, reserved 1179648K
  class space    used 19180K, committed 20352K, reserved 1048576K
}
Event: 105.832 GC heap before
{Heap before GC invocations=89 (full 0):
 garbage-first heap   total 325632K, used 288748K [0x0000000080000000, 0x0000000100000000)
  region size 1024K, 127 young (130048K), 18 survivors (18432K)
 Metaspace       used 148145K, committed 150528K, reserved 1179648K
  class space    used 19975K, committed 21120K, reserved 1048576K
}
Event: 105.868 GC heap after
{Heap after GC invocations=90 (full 0):
 garbage-first heap   total 325632K, used 185324K [0x0000000080000000, 0x0000000100000000)
  region size 1024K, 6 young (6144K), 6 survivors (6144K)
 Metaspace       used 148145K, committed 150528K, reserved 1179648K
  class space    used 19975K, committed 21120K, reserved 1048576K
}
Event: 112.615 GC heap before
{Heap before GC invocations=91 (full 0):
 garbage-first heap   total 325632K, used 295916K [0x0000000080000000, 0x0000000100000000)
  region size 1024K, 114 young (116736K), 6 survivors (6144K)
 Metaspace       used 148919K, committed 151296K, reserved 1179648K
  class space    used 20005K, committed 21184K, reserved 1048576K
}
Event: 112.627 GC heap after
{Heap after GC invocations=92 (full 0):
 garbage-first heap   total 325632K, used 185112K [0x0000000080000000, 0x0000000100000000)
  region size 1024K, 6 young (6144K), 6 survivors (6144K)
 Metaspace       used 148919K, committed 151296K, reserved 1179648K
  class space    used 20005K, committed 21184K, reserved 1048576K
}
Event: 114.512 GC heap before
{Heap before GC invocations=92 (full 0):
 garbage-first heap   total 325632K, used 299800K [0x0000000080000000, 0x0000000100000000)
  region size 1024K, 118 young (120832K), 6 survivors (6144K)
 Metaspace       used 150118K, committed 152512K, reserved 1245184K
  class space    used 20179K, committed 21376K, reserved 1048576K
}
Event: 114.533 GC heap after
{Heap after GC invocations=93 (full 0):
 garbage-first heap   total 325632K, used 183872K [0x0000000080000000, 0x0000000100000000)
  region size 1024K, 6 young (6144K), 6 survivors (6144K)
 Metaspace       used 150118K, committed 152512K, reserved 1245184K
  class space    used 20179K, committed 21376K, reserved 1048576K
}
Event: 116.039 GC heap before
{Heap before GC invocations=93 (full 0):
 garbage-first heap   total 325632K, used 301632K [0x0000000080000000, 0x0000000100000000)
  region size 1024K, 121 young (123904K), 6 survivors (6144K)
 Metaspace       used 150930K, committed 153216K, reserved 1245184K
  class space    used 20290K, committed 21440K, reserved 1048576K
}
Event: 116.057 GC heap after
{Heap after GC invocations=94 (full 0):
 garbage-first heap   total 325632K, used 187517K [0x0000000080000000, 0x0000000100000000)
  region size 1024K, 10 young (10240K), 10 survivors (10240K)
 Metaspace       used 150930K, committed 153216K, reserved 1245184K
  class space    used 20290K, committed 21440K, reserved 1048576K
}
Event: 117.179 GC heap before
{Heap before GC invocations=95 (full 0):
 garbage-first heap   total 325632K, used 296061K [0x0000000080000000, 0x0000000100000000)
  region size 1024K, 117 young (119808K), 10 survivors (10240K)
 Metaspace       used 150979K, committed 153344K, reserved 1245184K
  class space    used 20295K, committed 21440K, reserved 1048576K
}
Event: 117.203 GC heap after
{Heap after GC invocations=96 (full 0):
 garbage-first heap   total 325632K, used 192920K [0x0000000080000000, 0x0000000100000000)
  region size 1024K, 10 young (10240K), 10 survivors (10240K)
 Metaspace       used 150979K, committed 153344K, reserved 1245184K
  class space    used 20295K, committed 21440K, reserved 1048576K
}
Event: 117.713 GC heap before
{Heap before GC invocations=96 (full 0):
 garbage-first heap   total 325632K, used 297368K [0x0000000080000000, 0x0000000100000000)
  region size 1024K, 112 young (114688K), 10 survivors (10240K)
 Metaspace       used 151024K, committed 153472K, reserved 1245184K
  class space    used 20298K, committed 21504K, reserved 1048576K
}
Event: 117.732 GC heap after
{Heap after GC invocations=97 (full 0):
 garbage-first heap   total 325632K, used 191368K [0x0000000080000000, 0x0000000100000000)
  region size 1024K, 6 young (6144K), 6 survivors (6144K)
 Metaspace       used 151024K, committed 153472K, reserved 1245184K
  class space    used 20298K, committed 21504K, reserved 1048576K
}
Event: 118.242 GC heap before
{Heap before GC invocations=97 (full 0):
 garbage-first heap   total 325632K, used 301960K [0x0000000080000000, 0x0000000100000000)
  region size 1024K, 114 young (116736K), 6 survivors (6144K)
 Metaspace       used 151084K, committed 153536K, reserved 1245184K
  class space    used 20299K, committed 21504K, reserved 1048576K
}
Event: 118.252 GC heap after
{Heap after GC invocations=98 (full 0):
 garbage-first heap   total 325632K, used 191785K [0x0000000080000000, 0x0000000100000000)
  region size 1024K, 7 young (7168K), 7 survivors (7168K)
 Metaspace       used 151084K, committed 153536K, reserved 1245184K
  class space    used 20299K, committed 21504K, reserved 1048576K
}
Event: 119.156 GC heap before
{Heap before GC invocations=99 (full 0):
 garbage-first heap   total 325632K, used 300329K [0x0000000080000000, 0x0000000100000000)
  region size 1024K, 113 young (115712K), 7 survivors (7168K)
 Metaspace       used 151134K, committed 153536K, reserved 1245184K
  class space    used 20312K, committed 21504K, reserved 1048576K
}
Event: 119.167 GC heap after
{Heap after GC invocations=100 (full 0):
 garbage-first heap   total 325632K, used 191766K [0x0000000080000000, 0x0000000100000000)
  region size 1024K, 7 young (7168K), 7 survivors (7168K)
 Metaspace       used 151134K, committed 153536K, reserved 1245184K
  class space    used 20312K, committed 21504K, reserved 1048576K
}
Event: 119.584 GC heap before
{Heap before GC invocations=100 (full 0):
 garbage-first heap   total 325632K, used 300310K [0x0000000080000000, 0x0000000100000000)
  region size 1024K, 113 young (115712K), 7 survivors (7168K)
 Metaspace       used 151158K, committed 153536K, reserved 1245184K
  class space    used 20313K, committed 21504K, reserved 1048576K
}
Event: 119.599 GC heap after
{Heap after GC invocations=101 (full 0):
 garbage-first heap   total 325632K, used 189692K [0x0000000080000000, 0x0000000100000000)
  region size 1024K, 7 young (7168K), 7 survivors (7168K)
 Metaspace       used 151158K, committed 153536K, reserved 1245184K
  class space    used 20313K, committed 21504K, reserved 1048576K
}
Event: 120.066 GC heap before
{Heap before GC invocations=101 (full 0):
 garbage-first heap   total 325632K, used 300284K [0x0000000080000000, 0x0000000100000000)
  region size 1024K, 115 young (117760K), 7 survivors (7168K)
 Metaspace       used 151182K, committed 153600K, reserved 1245184K
  class space    used 20314K, committed 21504K, reserved 1048576K
}

