# JRE version: OpenJDK Runtime Environment (21.0.7) (build 21.0.7+-13880790-b1038.58)
# Java VM: OpenJDK 64-Bit Server VM (21.0.7+-13880790-b1038.58, mixed mode, tiered, compressed oops, compressed class ptrs, g1 gc, windows-amd64)
GC Precious Log:
 CardTable entry size: 512
 Card Set container configuration: InlinePtr #cards 5 size 8 Array Of Cards #cards 12 size 40 Howl #buckets 4 coarsen threshold 1843 Howl Bitmap #cards 512 size 80 coarsen threshold 460 Card regions per heap region 1 cards per card region 2048
 CPUs: 4 total, 4 available
 Memory: 11721M
 Large Page Support: Disabled
 NUMA Support: Disabled
 Compressed Oops: Enabled (32-bit)
 Heap Region Size: 1M
 Heap Min Capacity: 8M
 Heap Initial Capacity: 184M
 Heap Max Capacity: 2G
 Pre-touch: Disabled
 Parallel Workers: 4
 Concurrent Workers: 1
 Concurrent Refinement Workers: 4
 Periodic GC: Disabled
Heap:
 garbage-first heap   total 447488K, used 257373K [0x0000000080000000, 0x0000000100000000)
  region size 1024K, 10 young (10240K), 10 survivors (10240K)
 Metaspace       used 160009K, committed 162624K, reserved 1245184K
  class space    used 21776K, committed 23040K, reserved 1048576K
GC Heap History (20 events):
Event: 107.226 GC heap after
{Heap after GC invocations=67 (full 0):
 garbage-first heap   total 447488K, used 268889K [0x0000000080000000, 0x0000000100000000)
  region size 1024K, 4 young (4096K), 4 survivors (4096K)
 Metaspace       used 157715K, committed 160384K, reserved 1245184K
  class space    used 21479K, committed 22784K, reserved 1048576K
}
Event: 107.885 GC heap before
{Heap before GC invocations=67 (full 0):
 garbage-first heap   total 447488K, used 419417K [0x0000000080000000, 0x0000000100000000)
  region size 1024K, 151 young (154624K), 4 survivors (4096K)
 Metaspace       used 157753K, committed 160384K, reserved 1245184K
  class space    used 21479K, committed 22784K, reserved 1048576K
}
Event: 107.903 GC heap after
{Heap after GC invocations=68 (full 0):
 garbage-first heap   total 447488K, used 264810K [0x0000000080000000, 0x0000000100000000)
  region size 1024K, 5 young (5120K), 5 survivors (5120K)
 Metaspace       used 157753K, committed 160384K, reserved 1245184K
  class space    used 21479K, committed 22784K, reserved 1048576K
}
Event: 108.566 GC heap before
{Heap before GC invocations=68 (full 0):
 garbage-first heap   total 447488K, used 417386K [0x0000000080000000, 0x0000000100000000)
  region size 1024K, 154 young (157696K), 5 survivors (5120K)
 Metaspace       used 157858K, committed 160512K, reserved 1245184K
  class space    used 21495K, committed 22784K, reserved 1048576K
}
Event: 108.579 GC heap after
{Heap after GC invocations=69 (full 0):
 garbage-first heap   total 447488K, used 265689K [0x0000000080000000, 0x0000000100000000)
  region size 1024K, 6 young (6144K), 6 survivors (6144K)
 Metaspace       used 157858K, committed 160512K, reserved 1245184K
  class space    used 21495K, committed 22784K, reserved 1048576K
}
Event: 109.632 GC heap before
{Heap before GC invocations=70 (full 0):
 garbage-first heap   total 447488K, used 416217K [0x0000000080000000, 0x0000000100000000)
  region size 1024K, 153 young (156672K), 6 survivors (6144K)
 Metaspace       used 157902K, committed 160512K, reserved 1245184K
  class space    used 21499K, committed 22784K, reserved 1048576K
}
Event: 109.647 GC heap after
{Heap after GC invocations=71 (full 0):
 garbage-first heap   total 447488K, used 266192K [0x0000000080000000, 0x0000000100000000)
  region size 1024K, 6 young (6144K), 6 survivors (6144K)
 Metaspace       used 157902K, committed 160512K, reserved 1245184K
  class space    used 21499K, committed 22784K, reserved 1048576K
}
Event: 110.332 GC heap before
{Heap before GC invocations=71 (full 0):
 garbage-first heap   total 447488K, used 416720K [0x0000000080000000, 0x0000000100000000)
  region size 1024K, 153 young (156672K), 6 survivors (6144K)
 Metaspace       used 157932K, committed 160576K, reserved 1245184K
  class space    used 21500K, committed 22784K, reserved 1048576K
}
Event: 110.356 GC heap after
{Heap after GC invocations=72 (full 0):
 garbage-first heap   total 447488K, used 262696K [0x0000000080000000, 0x0000000100000000)
  region size 1024K, 7 young (7168K), 7 survivors (7168K)
 Metaspace       used 157932K, committed 160576K, reserved 1245184K
  class space    used 21500K, committed 22784K, reserved 1048576K
}
Event: 111.007 GC heap before
{Heap before GC invocations=72 (full 0):
 garbage-first heap   total 447488K, used 415272K [0x0000000080000000, 0x0000000100000000)
  region size 1024K, 156 young (159744K), 7 survivors (7168K)
 Metaspace       used 157951K, committed 160576K, reserved 1245184K
  class space    used 21502K, committed 22784K, reserved 1048576K
}
Event: 111.022 GC heap after
{Heap after GC invocations=73 (full 0):
 garbage-first heap   total 447488K, used 263744K [0x0000000080000000, 0x0000000100000000)
  region size 1024K, 8 young (8192K), 8 survivors (8192K)
 Metaspace       used 157951K, committed 160576K, reserved 1245184K
  class space    used 21502K, committed 22784K, reserved 1048576K
}
Event: 112.071 GC heap before
{Heap before GC invocations=74 (full 0):
 garbage-first heap   total 447488K, used 414272K [0x0000000080000000, 0x0000000100000000)
  region size 1024K, 155 young (158720K), 8 survivors (8192K)
 Metaspace       used 157983K, committed 160576K, reserved 1245184K
  class space    used 21505K, committed 22784K, reserved 1048576K
}
Event: 112.087 GC heap after
{Heap after GC invocations=75 (full 0):
 garbage-first heap   total 447488K, used 263796K [0x0000000080000000, 0x0000000100000000)
  region size 1024K, 8 young (8192K), 8 survivors (8192K)
 Metaspace       used 157983K, committed 160576K, reserved 1245184K
  class space    used 21505K, committed 22784K, reserved 1048576K
}
Event: 112.841 GC heap before
{Heap before GC invocations=75 (full 0):
 garbage-first heap   total 447488K, used 414324K [0x0000000080000000, 0x0000000100000000)
  region size 1024K, 155 young (158720K), 8 survivors (8192K)
 Metaspace       used 158843K, committed 161472K, reserved 1245184K
  class space    used 21623K, committed 22912K, reserved 1048576K
}
Event: 112.866 GC heap after
{Heap after GC invocations=76 (full 0):
 garbage-first heap   total 447488K, used 260714K [0x0000000080000000, 0x0000000100000000)
  region size 1024K, 9 young (9216K), 9 survivors (9216K)
 Metaspace       used 158843K, committed 161472K, reserved 1245184K
  class space    used 21623K, committed 22912K, reserved 1048576K
}
Event: 113.333 GC heap before
{Heap before GC invocations=76 (full 0):
 garbage-first heap   total 447488K, used 325226K [0x0000000080000000, 0x0000000100000000)
  region size 1024K, 73 young (74752K), 9 survivors (9216K)
 Metaspace       used 159592K, committed 162240K, reserved 1245184K
  class space    used 21714K, committed 23040K, reserved 1048576K
}
Event: 113.351 GC heap after
{Heap after GC invocations=77 (full 0):
 garbage-first heap   total 447488K, used 262250K [0x0000000080000000, 0x0000000100000000)
  region size 1024K, 10 young (10240K), 10 survivors (10240K)
 Metaspace       used 159592K, committed 162240K, reserved 1245184K
  class space    used 21714K, committed 23040K, reserved 1048576K
}
Event: 114.510 GC heap before
{Heap before GC invocations=78 (full 0):
 garbage-first heap   total 447488K, used 412778K [0x0000000080000000, 0x0000000100000000)
  region size 1024K, 157 young (160768K), 10 survivors (10240K)
 Metaspace       used 159973K, committed 162560K, reserved 1245184K
  class space    used 21776K, committed 23040K, reserved 1048576K
}
Event: 114.529 GC heap after
{Heap after GC invocations=79 (full 0):
 garbage-first heap   total 447488K, used 261064K [0x0000000080000000, 0x0000000100000000)
  region size 1024K, 9 young (9216K), 9 survivors (9216K)
 Metaspace       used 159973K, committed 162560K, reserved 1245184K
  class space    used 21776K, committed 23040K, reserved 1048576K
}
Event: 115.201 GC heap before
{Heap before GC invocations=79 (full 0):
 garbage-first heap   total 447488K, used 413640K [0x0000000080000000, 0x0000000100000000)
  region size 1024K, 158 young (161792K), 9 survivors (9216K)
 Metaspace       used 160009K, committed 162624K, reserved 1245184K
  class space    used 21776K, committed 23040K, reserved 1048576K
}

